[    5018ms] [INFO] %cDownload the React DevTools for a better development experience: https://react.dev/link/react-devtools font-weight:bold @ http://localhost:3000/_next/static/chunks/05~u_next_dist_0rc3476._.js:2477
[    5235ms] [LOG] [HMR] connected @ http://localhost:3000/_next/static/chunks/05~u_next_dist_0rc3476._.js:2477
[  165210ms] [LOG] [Fast Refresh] rebuilding @ http://localhost:3000/_next/static/chunks/05~u_next_dist_0rc3476._.js:2477
[  165215ms] [LOG] [Fast Refresh] done in 107ms @ http://localhost:3000/_next/static/chunks/05~u_next_dist_0rc3476._.js:2477
[  182307ms] [WARNING] Warning: Missing `Description` or `aria-describedby={undefined}` for {DialogContent}. @ http://localhost:3000/_next/static/chunks/05~u_next_dist_0rc3476._.js:2477
[  182316ms] [WARNING] Warning: Missing `Description` or `aria-describedby={undefined}` for {DialogContent}. @ http://localhost:3000/_next/static/chunks/05~u_next_dist_0rc3476._.js:2477
[  182582ms] [LOG] [Fast Refresh] rebuilding @ http://localhost:3000/_next/static/chunks/05~u_next_dist_0rc3476._.js:2477
[  183114ms] [LOG] [Fast Refresh] done in 642ms @ http://localhost:3000/_next/static/chunks/05~u_next_dist_0rc3476._.js:2477
[  183219ms] [LOG] [Fast Refresh] rebuilding @ http://localhost:3000/_next/static/chunks/05~u_next_dist_0rc3476._.js:2477
[  183509ms] [LOG] [Fast Refresh] done in 394ms @ http://localhost:3000/_next/static/chunks/05~u_next_dist_0rc3476._.js:2477
[  566691ms] [LOG] [Fast Refresh] rebuilding @ http://localhost:3000/_next/static/chunks/05~u_next_dist_0rc3476._.js:2477
[  567251ms] [LOG] [Fast Refresh] done in 671ms @ http://localhost:3000/_next/static/chunks/05~u_next_dist_0rc3476._.js:2477
[  631224ms] [LOG] [Fast Refresh] rebuilding @ http://localhost:3000/_next/static/chunks/05~u_next_dist_0rc3476._.js:2477
[  631281ms] [LOG] [Fast Refresh] done in 171ms @ http://localhost:3000/_next/static/chunks/05~u_next_dist_0rc3476._.js:2477
[  811060ms] [LOG] [Fast Refresh] rebuilding @ http://localhost:3000/_next/static/chunks/05~u_next_dist_0rc3476._.js:2477
[  813669ms] [LOG] [Fast Refresh] done in 2688ms @ http://localhost:3000/_next/static/chunks/05~u_next_dist_0rc3476._.js:2477
[  815155ms] [LOG] [Fast Refresh] rebuilding @ http://localhost:3000/_next/static/chunks/05~u_next_dist_0rc3476._.js:2477
[  816600ms] [LOG] [Fast Refresh] done in 1545ms @ http://localhost:3000/_next/static/chunks/05~u_next_dist_0rc3476._.js:2477
[  816960ms] [LOG] [Fast Refresh] rebuilding @ http://localhost:3000/_next/static/chunks/05~u_next_dist_0rc3476._.js:2477
[  817145ms] [LOG] [Fast Refresh] done in 306ms @ http://localhost:3000/_next/static/chunks/05~u_next_dist_0rc3476._.js:2477
[  818217ms] [LOG] [Fast Refresh] rebuilding @ http://localhost:3000/_next/static/chunks/05~u_next_dist_0rc3476._.js:2477
[  818367ms] [LOG] [Fast Refresh] done in 264ms @ http://localhost:3000/_next/static/chunks/05~u_next_dist_0rc3476._.js:2477
[  822492ms] [LOG] [Fast Refresh] rebuilding @ http://localhost:3000/_next/static/chunks/05~u_next_dist_0rc3476._.js:2477
[  822921ms] [LOG] [Fast Refresh] done in 522ms @ http://localhost:3000/_next/static/chunks/05~u_next_dist_0rc3476._.js:2477
[  824480ms] [LOG] [Fast Refresh] rebuilding @ http://localhost:3000/_next/static/chunks/05~u_next_dist_0rc3476._.js:2477
[  825647ms] [LOG] [Fast Refresh] done in 1267ms @ http://localhost:3000/_next/static/chunks/05~u_next_dist_0rc3476._.js:2477
