[     410ms] [LOG] [Fast Refresh] rebuilding @ http://localhost:3000/_next/static/chunks/05~u_next_dist_0rc3476._.js:2477
[     701ms] [LOG] [Fast Refresh] done in 402ms @ http://localhost:3000/_next/static/chunks/05~u_next_dist_0rc3476._.js:2477
[   12126ms] [ERROR] Failed to load resource: the server responded with a status of 500 (Internal Server Error) @ http://localhost:3000/calendar:0
[   17952ms] [INFO] %cDownload the React DevTools for a better development experience: https://react.dev/link/react-devtools font-weight:bold @ http://localhost:3000/_next/static/chunks/05~u_next_dist_0rc3476._.js:2477
[   18038ms] [LOG] [HMR] connected @ http://localhost:3000/_next/static/chunks/05~u_next_dist_0rc3476._.js:2477
[   20369ms] [ERROR] Encountered a script tag while rendering React component. Scripts inside React components are never executed when rendering on the client. Consider using template tag instead (https://developer.mozilla.org/en-US/docs/Web/HTML/Element/template). @ http://localhost:3000/_next/static/chunks/05~u_next_dist_0rc3476._.js:3318
[   20582ms] [ERROR] Failed to load resource: the server responded with a status of 404 (Not Found) @ http://localhost:3000/_next/static/chunks/_0ta97.g._.js:0
[   20695ms] ChunkLoadError: Failed to load chunk /_next/static/chunks/_0ta97.g._.js from module [project]/node_modules/.pnpm/next@16.2.6_@babel+core@7.29.7_@playwright+test@1.60.0_react-dom@19.2.4_react@19.2.4/node_modules/next/dist/compiled/react-server-dom-turbopack/cjs/react-server-dom-turbopack-client.browser.development.js [app-client] (ecmascript)
    at http://localhost:3000/_next/static/chunks/turbopack-_13iuybn._.js:698:25
[  225120ms] [ERROR] WebSocket connection to 'ws://localhost:3000/_next/webpack-hmr?id=xsmH7Xk7OZ1m4eK4xC_Ym' failed: Error in connection establishment: net::ERR_CONNECTION_REFUSED @ http://localhost:3000/_next/static/chunks/05~u_next_dist_client_0tvsw1c._.js:13322
[  228474ms] [ERROR] WebSocket connection to 'ws://localhost:3000/_next/webpack-hmr?id=xsmH7Xk7OZ1m4eK4xC_Ym' failed: Error in connection establishment: net::ERR_CONNECTION_REFUSED @ http://localhost:3000/_next/static/chunks/05~u_next_dist_client_0tvsw1c._.js:13322
[  231825ms] [ERROR] WebSocket connection to 'ws://localhost:3000/_next/webpack-hmr?id=xsmH7Xk7OZ1m4eK4xC_Ym' failed: Error in connection establishment: net::ERR_CONNECTION_REFUSED @ http://localhost:3000/_next/static/chunks/05~u_next_dist_client_0tvsw1c._.js:13322
[  235179ms] [ERROR] WebSocket connection to 'ws://localhost:3000/_next/webpack-hmr?id=xsmH7Xk7OZ1m4eK4xC_Ym' failed: Error in connection establishment: net::ERR_CONNECTION_REFUSED @ http://localhost:3000/_next/static/chunks/05~u_next_dist_client_0tvsw1c._.js:13322
[  238530ms] [ERROR] WebSocket connection to 'ws://localhost:3000/_next/webpack-hmr?id=xsmH7Xk7OZ1m4eK4xC_Ym' failed: Error in connection establishment: net::ERR_CONNECTION_REFUSED @ http://localhost:3000/_next/static/chunks/05~u_next_dist_client_0tvsw1c._.js:13322
[  245890ms] [ERROR] WebSocket connection to 'ws://localhost:3000/_next/webpack-hmr?id=xsmH7Xk7OZ1m4eK4xC_Ym' failed: Error in connection establishment: net::ERR_CONNECTION_REFUSED @ http://localhost:3000/_next/static/chunks/05~u_next_dist_client_0tvsw1c._.js:13322
[  253263ms] [ERROR] WebSocket connection to 'ws://localhost:3000/_next/webpack-hmr?id=xsmH7Xk7OZ1m4eK4xC_Ym' failed: Error in connection establishment: net::ERR_CONNECTION_REFUSED @ http://localhost:3000/_next/static/chunks/05~u_next_dist_client_0tvsw1c._.js:13322
[  260633ms] [ERROR] WebSocket connection to 'ws://localhost:3000/_next/webpack-hmr?id=xsmH7Xk7OZ1m4eK4xC_Ym' failed: Error in connection establishment: net::ERR_CONNECTION_REFUSED @ http://localhost:3000/_next/static/chunks/05~u_next_dist_client_0tvsw1c._.js:13322
[  268009ms] [ERROR] WebSocket connection to 'ws://localhost:3000/_next/webpack-hmr?id=xsmH7Xk7OZ1m4eK4xC_Ym' failed: Error in connection establishment: net::ERR_CONNECTION_REFUSED @ http://localhost:3000/_next/static/chunks/05~u_next_dist_client_0tvsw1c._.js:13322
[  282367ms] [LOG] [HMR] connected @ http://localhost:3000/_next/static/chunks/05~u_next_dist_0rc3476._.js:2477
[  333312ms] [INFO] %cDownload the React DevTools for a better development experience: https://react.dev/link/react-devtools font-weight:bold @ http://localhost:3000/_next/static/chunks/05~u_next_dist_0rc3476._.js:2477
[  333658ms] [LOG] [HMR] connected @ http://localhost:3000/_next/static/chunks/05~u_next_dist_0rc3476._.js:2477
[  335042ms] [LOG] [Fast Refresh] rebuilding @ http://localhost:3000/_next/static/chunks/05~u_next_dist_0rc3476._.js:2477
[  335422ms] [LOG] [Fast Refresh] done in 488ms @ http://localhost:3000/_next/static/chunks/05~u_next_dist_0rc3476._.js:2477
